Build images and boot in QEMU	Run just smoke	﻿2026-07-21T14:28:59.9673250Z ##[group]Run just smoke
Build images and boot in QEMU	Run just smoke	2026-07-21T14:28:59.9673648Z ^[[36;1mjust smoke^[[0m
Build images and boot in QEMU	Run just smoke	2026-07-21T14:28:59.9715005Z shell: /usr/bin/bash -e {0}
Build images and boot in QEMU	Run just smoke	2026-07-21T14:28:59.9715339Z env:
Build images and boot in QEMU	Run just smoke	2026-07-21T14:28:59.9715570Z   CARGO_INCREMENTAL: 0
Build images and boot in QEMU	Run just smoke	2026-07-21T14:28:59.9715833Z   CARGO_PROFILE_DEV_DEBUG: 0
Build images and boot in QEMU	Run just smoke	2026-07-21T14:28:59.9716098Z   CARGO_TERM_COLOR: always
Build images and boot in QEMU	Run just smoke	2026-07-21T14:28:59.9716360Z   RUST_BACKTRACE: short
Build images and boot in QEMU	Run just smoke	2026-07-21T14:28:59.9716790Z   CARGO_UNSTABLE_SPARSE_REGISTRY: true
Build images and boot in QEMU	Run just smoke	2026-07-21T14:28:59.9717412Z   CARGO_REGISTRIES_CRATES_IO_PROTOCOL: sparse
Build images and boot in QEMU	Run just smoke	2026-07-21T14:28:59.9717727Z   CACHE_ON_FAILURE: true
Build images and boot in QEMU	Run just smoke	2026-07-21T14:28:59.9717972Z ##[endgroup]
Build images and boot in QEMU	Run just smoke	2026-07-21T14:28:59.9816955Z cargo smoke x86_64
Build images and boot in QEMU	Run just smoke	2026-07-21T14:29:00.0368868Z ^[[1m^[[92m    Updating^[[0m crates.io index
Build images and boot in QEMU	Run just smoke	2026-07-21T14:29:00.2634341Z ^[[1m^[[92m   Compiling^[[0m xtask v0.1.0 (/home/runner/work/molt/molt/xtask)
Build images and boot in QEMU	Run just smoke	2026-07-21T14:29:00.5559441Z ^[[1m^[[92m    Finished^[[0m `dev` profile [unoptimized] target(s) in 0.54s
Build images and boot in QEMU	Run just smoke	2026-07-21T14:29:00.5614773Z ^[[1m^[[92m     Running^[[0m `target/debug/xtask smoke x86_64`
Build images and boot in QEMU	Run just smoke	2026-07-21T14:29:00.5667974Z == smoke: x86_64 boot ==
Build images and boot in QEMU	Run just smoke	2026-07-21T14:29:00.6376928Z ^[[1m^[[92m   Compiling^[[0m molt-arch v0.1.0 (/home/runner/work/molt/molt/crates/molt-arch)
Build images and boot in QEMU	Run just smoke	2026-07-21T14:29:00.6378272Z ^[[1m^[[92m   Compiling^[[0m molt-kernel v0.1.0 (/home/runner/work/molt/molt/kernel)
Build images and boot in QEMU	Run just smoke	2026-07-21T14:29:00.7340414Z ^[[1m^[[92m   Compiling^[[0m molt-core v0.1.0 (/home/runner/work/molt/molt/crates/molt-core)
Build images and boot in QEMU	Run just smoke	2026-07-21T14:29:00.9235530Z ^[[1m^[[92m   Compiling^[[0m molt-pci v0.1.0 (/home/runner/work/molt/molt/crates/molt-pci)
Build images and boot in QEMU	Run just smoke	2026-07-21T14:29:00.9655329Z ^[[1m^[[92m   Compiling^[[0m molt-x86_64 v0.1.0 (/home/runner/work/molt/molt/crates/platforms/x86_64)
Build images and boot in QEMU	Run just smoke	2026-07-21T14:29:01.7333765Z ^[[1m^[[92m    Finished^[[0m `release` profile [optimized] target(s) in 1.16s
Build images and boot in QEMU	Run just smoke	2026-07-21T14:29:03.5571233Z error: x86_64 boot QEMU exited without the MOLT_PCI_OK serial marker
Build images and boot in QEMU	Run just smoke	2026-07-21T14:29:03.5572037Z INFO : Framebuffer info: FrameBufferInfo { byte_len: 2764800, width: 1280, height: 720, pixel_format: Bgr, bytes_per_pixel: 3, stride: 1280 }
Build images and boot in QEMU	Run just smoke	2026-07-21T14:29:03.5573552Z error: recipe `smoke-x86_64` failed on line 40 with exit code 1
Build images and boot in QEMU	Run just smoke	2026-07-21T14:29:03.5574043Z INFO : 4th Stage
Build images and boot in QEMU	Run just smoke	2026-07-21T14:29:03.5575441Z INFO : BiosInfo { stage_4: Region { start: 130000, len: 240c8 }, kernel: Region { start: 1000000, len: 17b88 }, ramdisk: Region { start: 1018000, len: 0 }, config_file: Region { start: 1018000, len: 0 }, last_used_addr: 1017fff, framebuffer: BiosFramebufferInfo { region: Region { start: fd000000, len: 2a3000 }, width: 500, height: 2d0, bytes_per_pixel: 3, stride: 500, pixel_format: Bgr }, memory_map_addr: 11f20, memory_map_len: 9 }
Build images and boot in QEMU	Run just smoke	2026-07-21T14:29:03.5577783Z INFO : BIOS boot
Build images and boot in QEMU	Run just smoke	2026-07-21T14:29:03.5578267Z INFO : Elf file loaded at Pointer {
Build images and boot in QEMU	Run just smoke	2026-07-21T14:29:03.5578693Z     addr: 0x0000000001000000,
Build images and boot in QEMU	Run just smoke	2026-07-21T14:29:03.5579052Z     metadata: 97160,
Build images and boot in QEMU	Run just smoke	2026-07-21T14:29:03.5579351Z }
Build images and boot in QEMU	Run just smoke	2026-07-21T14:29:03.5579663Z INFO : virtual_address_offset: 0x10000000000
Build images and boot in QEMU	Run just smoke	2026-07-21T14:29:03.5580662Z INFO : Handling Segment: Ph64(ProgramHeader64 { type_: Ok(Load), flags: Flags(4), offset: 0, virtual_addr: 0, physical_addr: 0, file_size: 30bc, mem_size: 30bc, align: 1000 })
Build images and boot in QEMU	Run just smoke	2026-07-21T14:29:03.5582133Z INFO : Handling Segment: Ph64(ProgramHeader64 { type_: Ok(Load), flags: Flags(5), offset: 30c0, virtual_addr: 40c0, physical_addr: 40c0, file_size: b865, mem_size: b865, align: 1000 })
Build images and boot in QEMU	Run just smoke	2026-07-21T14:29:03.5583239Z INFO : Handling Segment: Ph64(ProgramHeader64 { type_: Ok(Load), flags: Flags(6), offset: e928, virtual_addr: 10928, physical_addr: 10928, file_size: 1218, mem_size: 16d8, align: 1000 })
Build images and boot in QEMU	Run just smoke	2026-07-21T14:29:03.5583887Z INFO : Mapping bss section
Build images and boot in QEMU	Run just smoke	2026-07-21T14:29:03.5584511Z INFO : Handling Segment: Ph64(ProgramHeader64 { type_: Ok(Load), flags: Flags(6), offset: fb40, virtual_addr: 12b40, physical_addr: 12b40, file_size: 748, mem_size: 6b5c, align: 1000 })
Build images and boot in QEMU	Run just smoke	2026-07-21T14:29:03.5585164Z INFO : Mapping bss section
Build images and boot in QEMU	Run just smoke	2026-07-21T14:29:03.5585429Z INFO : Entry point at: 0x10000006510
Build images and boot in QEMU	Run just smoke	2026-07-21T14:29:03.5585734Z INFO : Creating GDT at PhysAddr(0x104b000)
Build images and boot in QEMU	Run just smoke	2026-07-21T14:29:03.5586304Z INFO : Map framebuffer
Build images and boot in QEMU	Run just smoke	2026-07-21T14:29:03.5586560Z INFO : Map physical memory
Build images and boot in QEMU	Run just smoke	2026-07-21T14:29:03.5586823Z INFO : Allocate bootinfo
Build images and boot in QEMU	Run just smoke	2026-07-21T14:29:03.5587358Z INFO : Create Memory Map
Build images and boot in QEMU	Run just smoke	2026-07-21T14:29:03.5587710Z INFO : Create bootinfo
Build images and boot in QEMU	Run just smoke	2026-07-21T14:29:03.5588155Z INFO : Jumping to kernel entry point at VirtAddr(0x10000006510)
Build images and boot in QEMU	Run just smoke	2026-07-21T14:29:03.5588595Z MOLT: booting
Build images and boot in QEMU	Run just smoke	2026-07-21T14:29:03.5588945Z MOLT: memory regions=12
Build images and boot in QEMU	Run just smoke	2026-07-21T14:29:03.5589190Z MOLT_EXCEPTION_OK
Build images and boot in QEMU	Run just smoke	2026-07-21T14:29:03.5589432Z MOLT_MAPPING_OK
Build images and boot in QEMU	Run just smoke	2026-07-21T14:29:03.5589678Z MOLT_WX_OK
Build images and boot in QEMU	Run just smoke	2026-07-21T14:29:03.5589895Z MOLT_DEVICE_WINDOW_OK
Build images and boot in QEMU	Run just smoke	2026-07-21T14:29:03.5590126Z MOLT_TIMER_OK
Build images and boot in QEMU	Run just smoke	2026-07-21T14:29:03.5590345Z MOLT_CANCELLATION_OK
Build images and boot in QEMU	Run just smoke	2026-07-21T14:29:03.5590595Z MOLT_STALE_COMPLETION_OK
Build images and boot in QEMU	Run just smoke	2026-07-21T14:29:03.5590828Z MOLT_RESTART_OK
Build images and boot in QEMU	Run just smoke	2026-07-21T14:29:03.5591041Z MOLT_PHYSMAP_OK
Build images and boot in QEMU	Run just smoke	2026-07-21T14:29:03.5591258Z MOLT_FRAME_OWNER_OK
Build images and boot in QEMU	Run just smoke	2026-07-21T14:29:03.5591553Z MOLT_PCI_SKIPPED: firmware described no configuration space
Build images and boot in QEMU	Run just smoke	2026-07-21T14:29:03.5591882Z MOLT_BOOT_OK
Build images and boot in QEMU	Run just smoke	2026-07-21T14:29:03.5602027Z ##[error]Process completed with exit code 1.
